08:37:48: Creating resource group General
08:37:48: Creating resource group Internal
08:37:48: Creating resource group Autodetect
08:37:48: Registering ResourceManager for type Mesh
08:37:48: Registering ResourceManager for type Material
08:37:48: Registering ResourceManager for type Skeleton
08:37:48: XMLMeshSerializer reading mesh data from /home/bender/Bureau/suzanne.mesh.xml...
08:37:48: Reading submeshes...
08:37:48: Reading geometry...
08:37:48: Geometry done...
08:37:48: Reading bone assignments...
08:37:48: Bone assignments done.
08:37:48: Submeshes done.
08:37:48: Skeleton: Loading suzanne.skeleton
08:37:48: OGRE EXCEPTION(6:FileNotFoundException): Cannot locate resource suzanne.skeleton in resource group General or any other group. in ResourceGroupManager::openResource at /build/buildd/ogre-1.7.2/OgreMain/src/OgreResourceGroupManager.cpp (line 753)
08:37:48: Unable to load skeleton suzanne.skeleton for Mesh conversion. This Mesh will not be animated. You can ignore this message if you are using an offline tool.
08:37:48: XMLMeshSerializer import successful.
08:37:48: Reorganising vertex buffers to automatic layout..
08:37:48: MeshSerializer writing mesh data to /home/bender/Bureau/suzanne.mesh...
08:37:48: File header written.
08:37:48: Writing mesh data...
08:37:48: Writing submesh...
08:37:48: Exporting submesh texture aliases...
08:37:48: Submesh texture aliases exported.
08:37:48: Exporting dedicated geometry bone assignments...
08:37:48: Dedicated geometry bone assignments exported.
08:37:48: Submesh exported.
08:37:48: Exporting skeleton link...
08:37:48: Skeleton link exported.
08:37:48: Exporting bounds information....
08:37:48: Bounds information exported.
08:37:48: Exporting submesh name table...
08:37:48: Submesh name table exported.
08:37:48: Exporting edge lists...
08:37:48: Edge lists exported
08:37:48: Mesh data exported.
08:37:48: MeshSerializer export successful.
08:37:48: Unregistering ResourceManager for type Skeleton
08:37:48: Unregistering ResourceManager for type Material
08:37:48: Unregistering ResourceManager for type Mesh
